d:\university\осисп\labs\os_14\os14_htcom\x64\debug\os14_htcom.pch
d:\university\осисп\labs\os_14\os14_htcom\x64\debug\vc143.pdb
d:\university\осисп\labs\os_14\os14_htcom\x64\debug\vc143.idb
d:\university\осисп\labs\os_14\os14_htcom\x64\debug\classfactory.obj
d:\university\осисп\labs\os_14\os14_htcom\x64\debug\componentht.obj
d:\university\осисп\labs\os_14\os14_htcom\x64\debug\dllmain.obj
d:\university\осисп\labs\os_14\os14_htcom\x64\debug\exportfunctions.obj
d:\university\осисп\labs\os_14\os14_htcom\x64\debug\pch.obj
d:\university\осисп\labs\os_14\os14_htcom\x64\debug\registry.obj
d:\university\осисп\labs\os_14\x64\debug\os14_htcom.lib
d:\university\осисп\labs\os_14\x64\debug\os14_htcom.exp
d:\university\осисп\labs\os_14\x64\debug\os14_htcom.dll
d:\university\осисп\labs\os_14\os14_htcom\x64\debug\os14_htcom.ilk
d:\university\осисп\labs\os_14\x64\debug\os14_htcom.pdb
d:\документы\институт бгту\3к2с\оси\lab5-ht-user-com-dll\x64\debug\os14_htcom.lib
d:\документы\институт бгту\3к2с\оси\lab5-ht-user-com-dll\x64\debug\os14_htcom.exp
d:\university\осисп\labs\os_14\os14_htcom\x64\debug\os14_htcom.tlog\cl.command.1.tlog
d:\university\осисп\labs\os_14\os14_htcom\x64\debug\os14_htcom.tlog\cl.read.1.tlog
d:\university\осисп\labs\os_14\os14_htcom\x64\debug\os14_htcom.tlog\cl.write.1.tlog
d:\university\осисп\labs\os_14\os14_htcom\x64\debug\os14_htcom.tlog\link.command.1.tlog
d:\university\осисп\labs\os_14\os14_htcom\x64\debug\os14_htcom.tlog\link.read.1.tlog
d:\university\осисп\labs\os_14\os14_htcom\x64\debug\os14_htcom.tlog\link.write.1.tlog
d:\university\осисп\labs\os_14\os14_htcom\x64\debug\os14_htcom.tlog\link.write.2u.tlog
d:\university\осисп\labs\os_14\os14_htcom\x64\debug\os14_htcom.tlog\os14_htcom.write.1u.tlog
